# JRE version: OpenJDK Runtime Environment (8.0_242-b01) (build 1.8.0_242-release-1644-b01)
# Java VM: OpenJDK 64-Bit Server VM (25.242-b01 mixed mode windows-amd64 compressed oops)
Heap:
 PSYoungGen      total 846848K, used 368025K [0x0000000760000000, 0x00000007a7e00000, 0x00000007c0000000)
  eden space 636416K, 24% used [0x0000000760000000,0x00000007699ecf98,0x0000000786d80000)
  from space 210432K, 99% used [0x0000000786d80000,0x0000000793af95b8,0x0000000793b00000)
  to   space 253952K, 0% used [0x0000000798600000,0x0000000798600000,0x00000007a7e00000)
 ParOldGen       total 3145728K, used 158266K [0x00000006a0000000, 0x0000000760000000, 0x0000000760000000)
  object space 3145728K, 5% used [0x00000006a0000000,0x00000006a9a8e9b8,0x0000000760000000)
 Metaspace       used 389257K, capacity 403090K, committed 473112K, reserved 1466368K
  class space    used 46236K, capacity 48599K, committed 56880K, reserved 1048576K
GC Heap History (10 events):
Event: 13220.889 GC heap before
{Heap before GC invocations=144 (full 10):
 PSYoungGen      total 845824K, used 731109K [0x0000000760000000, 0x00000007a1680000, 0x00000007c0000000)
  eden space 619008K, 100% used [0x0000000760000000,0x0000000785c80000,0x0000000785c80000)
  from space 226816K, 49% used [0x0000000785c80000,0x000000078c9f95e0,0x0000000793a00000)
  to   space 219648K, 0% used [0x0000000794000000,0x0000000794000000,0x00000007a1680000)
 ParOldGen       total 3145728K, used 279426K [0x00000006a0000000, 0x0000000760000000, 0x0000000760000000)
  object space 3145728K, 8% used [0x00000006a0000000,0x00000006b10e08d8,0x0000000760000000)
 Metaspace       used 459114K, capacity 474686K, committed 477208K, reserved 1470464K
  class space    used 54315K, capacity 56819K, committed 56880K, reserved 1048576K
Event: 13220.908 GC heap after
Heap after GC invocations=144 (full 10):
 PSYoungGen      total 841728K, used 37705K [0x0000000760000000, 0x00000007a0f80000, 0x00000007c0000000)
  eden space 629248K, 0% used [0x0000000760000000,0x0000000760000000,0x0000000786680000)
  from space 212480K, 17% used [0x0000000794000000,0x00000007964d2420,0x00000007a0f80000)
  to   space 217600K, 0% used [0x0000000786680000,0x0000000786680000,0x0000000793b00000)
 ParOldGen       total 3145728K, used 280977K [0x00000006a0000000, 0x0000000760000000, 0x0000000760000000)
  object space 3145728K, 8% used [0x00000006a0000000,0x00000006b1264460,0x0000000760000000)
 Metaspace       used 459114K, capacity 474686K, committed 477208K, reserved 1470464K
  class space    used 54315K, capacity 56819K, committed 56880K, reserved 1048576K
}
Event: 14959.557 GC heap before
{Heap before GC invocations=145 (full 10):
 PSYoungGen      total 841728K, used 580402K [0x0000000760000000, 0x00000007a0f80000, 0x00000007c0000000)
  eden space 629248K, 86% used [0x0000000760000000,0x00000007811fa490,0x0000000786680000)
  from space 212480K, 17% used [0x0000000794000000,0x00000007964d2420,0x00000007a0f80000)
  to   space 217600K, 0% used [0x0000000786680000,0x0000000786680000,0x0000000793b00000)
 ParOldGen       total 3145728K, used 280977K [0x00000006a0000000, 0x0000000760000000, 0x0000000760000000)
  object space 3145728K, 8% used [0x00000006a0000000,0x00000006b1264460,0x0000000760000000)
 Metaspace       used 459114K, capacity 474686K, committed 477208K, reserved 1470464K
  class space    used 54315K, capacity 56819K, committed 56880K, reserved 1048576K
Event: 14959.576 GC heap after
Heap after GC invocations=145 (full 10):
 PSYoungGen      total 846848K, used 18600K [0x0000000760000000, 0x00000007a0f80000, 0x00000007c0000000)
  eden space 629248K, 0% used [0x0000000760000000,0x0000000760000000,0x0000000786680000)
  from space 217600K, 8% used [0x0000000786680000,0x00000007878aa350,0x0000000793b00000)
  to   space 217600K, 0% used [0x0000000793b00000,0x0000000793b00000,0x00000007a0f80000)
 ParOldGen       total 3145728K, used 282495K [0x00000006a0000000, 0x0000000760000000, 0x0000000760000000)
  object space 3145728K, 8% used [0x00000006a0000000,0x00000006b13dffe8,0x0000000760000000)
 Metaspace       used 459114K, capacity 474686K, committed 477208K, reserved 1470464K
  class space    used 54315K, capacity 56819K, committed 56880K, reserved 1048576K
}
Event: 14959.576 GC heap before
{Heap before GC invocations=146 (full 11):
 PSYoungGen      total 846848K, used 18600K [0x0000000760000000, 0x00000007a0f80000, 0x00000007c0000000)
  eden space 629248K, 0% used [0x0000000760000000,0x0000000760000000,0x0000000786680000)
  from space 217600K, 8% used [0x0000000786680000,0x00000007878aa350,0x0000000793b00000)
  to   space 217600K, 0% used [0x0000000793b00000,0x0000000793b00000,0x00000007a0f80000)
 ParOldGen       total 3145728K, used 282495K [0x00000006a0000000, 0x0000000760000000, 0x0000000760000000)
  object space 3145728K, 8% used [0x00000006a0000000,0x00000006b13dffe8,0x0000000760000000)
 Metaspace       used 459114K, capacity 474686K, committed 477208K, reserved 1470464K
  class space    used 54315K, capacity 56819K, committed 56880K, reserved 1048576K
Event: 14960.508 GC heap after
Heap after GC invocations=146 (full 11):
 PSYoungGen      total 846848K, used 0K [0x0000000760000000, 0x00000007a0f80000, 0x00000007c0000000)
  eden space 629248K, 0% used [0x0000000760000000,0x0000000760000000,0x0000000786680000)
  from space 217600K, 0% used [0x0000000786680000,0x0000000786680000,0x0000000793b00000)
  to   space 217600K, 0% used [0x0000000793b00000,0x0000000793b00000,0x00000007a0f80000)
 ParOldGen       total 3145728K, used 131445K [0x00000006a0000000, 0x0000000760000000, 0x0000000760000000)
  object space 3145728K, 4% used [0x00000006a0000000,0x00000006a805d538,0x0000000760000000)
 Metaspace       used 382423K, capacity 395878K, committed 473112K, reserved 1466368K
  class space    used 45437K, capacity 47741K, committed 56880K, reserved 1048576K
}
Event: 15307.688 GC heap before
{Heap before GC invocations=147 (full 11):
 PSYoungGen      total 846848K, used 629248K [0x0000000760000000, 0x00000007a0f80000, 0x00000007c0000000)
  eden space 629248K, 100% used [0x0000000760000000,0x0000000786680000,0x0000000786680000)
  from space 217600K, 0% used [0x0000000786680000,0x0000000786680000,0x0000000793b00000)
  to   space 217600K, 0% used [0x0000000793b00000,0x0000000793b00000,0x00000007a0f80000)
 ParOldGen       total 3145728K, used 131445K [0x00000006a0000000, 0x0000000760000000, 0x0000000760000000)
  object space 3145728K, 4% used [0x00000006a0000000,0x00000006a805d538,0x0000000760000000)
 Metaspace       used 388809K, capacity 402532K, committed 473112K, reserved 1466368K
  class space    used 46202K, capacity 48542K, committed 56880K, reserved 1048576K
Event: 15307.734 GC heap after
Heap after GC invocations=147 (full 11):
 PSYoungGen      total 847872K, used 100443K [0x0000000760000000, 0x00000007a0980000, 0x00000007c0000000)
  eden space 636416K, 0% used [0x0000000760000000,0x0000000760000000,0x0000000786d80000)
  from space 211456K, 47% used [0x0000000793b00000,0x0000000799d16c48,0x00000007a0980000)
  to   space 210432K, 0% used [0x0000000786d80000,0x0000000786d80000,0x0000000793b00000)
 ParOldGen       total 3145728K, used 131453K [0x00000006a0000000, 0x0000000760000000, 0x0000000760000000)
  object space 3145728K, 4% used [0x00000006a0000000,0x00000006a805f538,0x0000000760000000)
 Metaspace       used 388809K, capacity 402532K, committed 473112K, reserved 1466368K
  class space    used 46202K, capacity 48542K, committed 56880K, reserved 1048576K
}
Event: 15309.594 GC heap before
{Heap before GC invocations=148 (full 11):
 PSYoungGen      total 847872K, used 736859K [0x0000000760000000, 0x00000007a0980000, 0x00000007c0000000)
  eden space 636416K, 100% used [0x0000000760000000,0x0000000786d80000,0x0000000786d80000)
  from space 211456K, 47% used [0x0000000793b00000,0x0000000799d16c48,0x00000007a0980000)
  to   space 210432K, 0% used [0x0000000786d80000,0x0000000786d80000,0x0000000793b00000)
 ParOldGen       total 3145728K, used 131453K [0x00000006a0000000, 0x0000000760000000, 0x0000000760000000)
  object space 3145728K, 4% used [0x00000006a0000000,0x00000006a805f538,0x0000000760000000)
 Metaspace       used 389209K, capacity 403090K, committed 473112K, reserved 1466368K
  class space    used 46231K, capacity 48599K, committed 56880K, reserved 1048576K
Event: 15309.762 GC heap after
Heap after GC invocations=148 (full 11):
 PSYoungGen      total 846848K, used 210405K [0x0000000760000000, 0x00000007a7e00000, 0x00000007c0000000)
  eden space 636416K, 0% used [0x0000000760000000,0x0000000760000000,0x0000000786d80000)
  from space 210432K, 99% used [0x0000000786d80000,0x0000000793af95b8,0x0000000793b00000)
  to   space 253952K, 0% used [0x0000000798600000,0x0000000798600000,0x00000007a7e00000)
 ParOldGen       total 3145728K, used 158266K [0x00000006a0000000, 0x0000000760000000, 0x0000000760000000)
  object space 3145728K, 5% used [0x00000006a0000000,0x00000006a9a8e9b8,0x0000000760000000)
 Metaspace       used 389209K, capacity 403090K, committed 473112K, reserved 1466368K
  class space    used 46231K, capacity 48599K, committed 56880K, reserved 1048576K
}

