# JRE version: Java(TM) SE Runtime Environment (8.0_261-b12) (build 1.8.0_261-b12)
# Java VM: Java HotSpot(TM) 64-Bit Server VM (25.261-b12 mixed mode windows-amd64 compressed oops)
Heap:
 PSYoungGen      total 797184K, used 705132K [0x0000000760000000, 0x0000000797600000, 0x00000007c0000000)
  eden space 753152K, 93% used [0x0000000760000000,0x000000078b083238,0x000000078df80000)
  from space 44032K, 0% used [0x0000000794b00000,0x0000000794b18000,0x0000000797600000)
  to   space 62976K, 0% used [0x000000078fb00000,0x000000078fb00000,0x0000000793880000)
 ParOldGen       total 1783808K, used 1445583K [0x00000006a0000000, 0x000000070ce00000, 0x0000000760000000)
  object space 1783808K, 81% used [0x00000006a0000000,0x00000006f83b3c28,0x000000070ce00000)
 Metaspace       used 186009K, capacity 197920K, committed 219608K, reserved 1241088K
  class space    used 23028K, capacity 25029K, committed 27608K, reserved 1048576K
GC Heap History (10 events):
Event: 7729.958 GC heap before
{Heap before GC invocations=111 (full 11):
 PSYoungGen      total 816128K, used 753152K [0x0000000760000000, 0x0000000797600000, 0x00000007c0000000)
  eden space 753152K, 100% used [0x0000000760000000,0x000000078df80000,0x000000078df80000)
  from space 62976K, 0% used [0x000000078fb00000,0x000000078fb00000,0x0000000793880000)
  to   space 44032K, 52% used [0x0000000794b00000,0x0000000796199258,0x0000000797600000)
 ParOldGen       total 1783808K, used 1753880K [0x00000006a0000000, 0x000000070ce00000, 0x0000000760000000)
  object space 1783808K, 98% used [0x00000006a0000000,0x000000070b0c63a8,0x000000070ce00000)
 Metaspace       used 201404K, capacity 213546K, committed 219608K, reserved 1241088K
  class space    used 24837K, capacity 26888K, committed 27608K, reserved 1048576K
Event: 7730.410 GC heap after
Heap after GC invocations=111 (full 11):
 PSYoungGen      total 816128K, used 0K [0x0000000760000000, 0x0000000797600000, 0x00000007c0000000)
  eden space 753152K, 0% used [0x0000000760000000,0x0000000760000000,0x000000078df80000)
  from space 62976K, 0% used [0x000000078fb00000,0x000000078fb00000,0x0000000793880000)
  to   space 44032K, 0% used [0x0000000794b00000,0x0000000794b00000,0x0000000797600000)
 ParOldGen       total 1783808K, used 1753592K [0x00000006a0000000, 0x000000070ce00000, 0x0000000760000000)
  object space 1783808K, 98% used [0x00000006a0000000,0x000000070b07e300,0x000000070ce00000)
 Metaspace       used 185984K, capacity 197890K, committed 219608K, reserved 1241088K
  class space    used 23025K, capacity 25024K, committed 27608K, reserved 1048576K
}
Event: 7734.030 GC heap before
{Heap before GC invocations=112 (full 12):
 PSYoungGen      total 816128K, used 753152K [0x0000000760000000, 0x0000000797600000, 0x00000007c0000000)
  eden space 753152K, 100% used [0x0000000760000000,0x000000078df80000,0x000000078df80000)
  from space 62976K, 0% used [0x000000078fb00000,0x000000078fb00000,0x0000000793880000)
  to   space 44032K, 0% used [0x0000000794b00000,0x0000000794b00000,0x0000000797600000)
 ParOldGen       total 1783808K, used 1753995K [0x00000006a0000000, 0x000000070ce00000, 0x0000000760000000)
  object space 1783808K, 98% used [0x00000006a0000000,0x000000070b0e2c00,0x000000070ce00000)
 Metaspace       used 185984K, capacity 197890K, committed 219608K, reserved 1241088K
  class space    used 23025K, capacity 25024K, committed 27608K, reserved 1048576K
Event: 7734.728 GC heap after
Heap after GC invocations=112 (full 12):
 PSYoungGen      total 816128K, used 0K [0x0000000760000000, 0x0000000797600000, 0x00000007c0000000)
  eden space 753152K, 0% used [0x0000000760000000,0x0000000760000000,0x000000078df80000)
  from space 62976K, 0% used [0x000000078fb00000,0x000000078fb00000,0x0000000793880000)
  to   space 44032K, 0% used [0x0000000794b00000,0x0000000794b00000,0x0000000797600000)
 ParOldGen       total 1783808K, used 1703493K [0x00000006a0000000, 0x000000070ce00000, 0x0000000760000000)
  object space 1783808K, 95% used [0x00000006a0000000,0x0000000707f91570,0x000000070ce00000)
 Metaspace       used 185984K, capacity 197890K, committed 219608K, reserved 1241088K
  class space    used 23025K, capacity 25024K, committed 27608K, reserved 1048576K
}
Event: 7736.882 GC heap before
{Heap before GC invocations=113 (full 13):
 PSYoungGen      total 816128K, used 753152K [0x0000000760000000, 0x0000000797600000, 0x00000007c0000000)
  eden space 753152K, 100% used [0x0000000760000000,0x000000078df80000,0x000000078df80000)
  from space 62976K, 0% used [0x000000078fb00000,0x000000078fb00000,0x0000000793880000)
  to   space 44032K, 0% used [0x0000000794b00000,0x0000000794b00000,0x0000000797600000)
 ParOldGen       total 1783808K, used 1703800K [0x00000006a0000000, 0x000000070ce00000, 0x0000000760000000)
  object space 1783808K, 95% used [0x00000006a0000000,0x0000000707fde358,0x000000070ce00000)
 Metaspace       used 185986K, capacity 197890K, committed 219608K, reserved 1241088K
  class space    used 23025K, capacity 25024K, committed 27608K, reserved 1048576K
Event: 7737.195 GC heap after
Heap after GC invocations=113 (full 13):
 PSYoungGen      total 816128K, used 0K [0x0000000760000000, 0x0000000797600000, 0x00000007c0000000)
  eden space 753152K, 0% used [0x0000000760000000,0x0000000760000000,0x000000078df80000)
  from space 62976K, 0% used [0x000000078fb00000,0x000000078fb00000,0x0000000793880000)
  to   space 44032K, 0% used [0x0000000794b00000,0x0000000794b00000,0x0000000797600000)
 ParOldGen       total 1783808K, used 1635876K [0x00000006a0000000, 0x000000070ce00000, 0x0000000760000000)
  object space 1783808K, 91% used [0x00000006a0000000,0x0000000703d89368,0x000000070ce00000)
 Metaspace       used 185986K, capacity 197890K, committed 219608K, reserved 1241088K
  class space    used 23025K, capacity 25024K, committed 27608K, reserved 1048576K
}
Event: 7739.724 GC heap before
{Heap before GC invocations=114 (full 14):
 PSYoungGen      total 816128K, used 753152K [0x0000000760000000, 0x0000000797600000, 0x00000007c0000000)
  eden space 753152K, 100% used [0x0000000760000000,0x000000078df80000,0x000000078df80000)
  from space 62976K, 0% used [0x000000078fb00000,0x000000078fb00000,0x0000000793880000)
  to   space 44032K, 0% used [0x0000000794b00000,0x0000000794b00000,0x0000000797600000)
 ParOldGen       total 1783808K, used 1636546K [0x00000006a0000000, 0x000000070ce00000, 0x0000000760000000)
  object space 1783808K, 91% used [0x00000006a0000000,0x0000000703e30820,0x000000070ce00000)
 Metaspace       used 185986K, capacity 197890K, committed 219608K, reserved 1241088K
  class space    used 23025K, capacity 25024K, committed 27608K, reserved 1048576K
Event: 7740.055 GC heap after
Heap after GC invocations=114 (full 14):
 PSYoungGen      total 816128K, used 0K [0x0000000760000000, 0x0000000797600000, 0x00000007c0000000)
  eden space 753152K, 0% used [0x0000000760000000,0x0000000760000000,0x000000078df80000)
  from space 62976K, 0% used [0x000000078fb00000,0x000000078fb00000,0x0000000793880000)
  to   space 44032K, 0% used [0x0000000794b00000,0x0000000794b00000,0x0000000797600000)
 ParOldGen       total 1783808K, used 1445154K [0x00000006a0000000, 0x000000070ce00000, 0x0000000760000000)
  object space 1783808K, 81% used [0x00000006a0000000,0x00000006f8348978,0x000000070ce00000)
 Metaspace       used 185986K, capacity 197890K, committed 219608K, reserved 1241088K
  class space    used 23025K, capacity 25024K, committed 27608K, reserved 1048576K
}
Event: 7743.499 GC heap before
{Heap before GC invocations=115 (full 14):
 PSYoungGen      total 816128K, used 753152K [0x0000000760000000, 0x0000000797600000, 0x00000007c0000000)
  eden space 753152K, 100% used [0x0000000760000000,0x000000078df80000,0x000000078df80000)
  from space 62976K, 0% used [0x000000078fb00000,0x000000078fb00000,0x0000000793880000)
  to   space 44032K, 0% used [0x0000000794b00000,0x0000000794b00000,0x0000000797600000)
 ParOldGen       total 1783808K, used 1445583K [0x00000006a0000000, 0x000000070ce00000, 0x0000000760000000)
  object space 1783808K, 81% used [0x00000006a0000000,0x00000006f83b3c28,0x000000070ce00000)
 Metaspace       used 185986K, capacity 197890K, committed 219608K, reserved 1241088K
  class space    used 23025K, capacity 25024K, committed 27608K, reserved 1048576K
Event: 7743.510 GC heap after
Heap after GC invocations=115 (full 14):
 PSYoungGen      total 797184K, used 96K [0x0000000760000000, 0x0000000797600000, 0x00000007c0000000)
  eden space 753152K, 0% used [0x0000000760000000,0x0000000760000000,0x000000078df80000)
  from space 44032K, 0% used [0x0000000794b00000,0x0000000794b18000,0x0000000797600000)
  to   space 62976K, 0% used [0x000000078fb00000,0x000000078fb00000,0x0000000793880000)
 ParOldGen       total 1783808K, used 1445583K [0x00000006a0000000, 0x000000070ce00000, 0x0000000760000000)
  object space 1783808K, 81% used [0x00000006a0000000,0x00000006f83b3c28,0x000000070ce00000)
 Metaspace       used 185986K, capacity 197890K, committed 219608K, reserved 1241088K
  class space    used 23025K, capacity 25024K, committed 27608K, reserved 1048576K
}

