# JRE version: Java(TM) SE Runtime Environment (8.0_261-b12) (build 1.8.0_261-b12)
# Java VM: Java HotSpot(TM) 64-Bit Server VM (25.261-b12 mixed mode windows-amd64 compressed oops)
Heap:
 PSYoungGen      total 384512K, used 160910K [0x0000000760000000, 0x000000077b700000, 0x00000007c0000000)
  eden space 325632K, 49% used [0x0000000760000000,0x0000000769cfba00,0x0000000773e00000)
  from space 58880K, 0% used [0x0000000777d80000,0x0000000777da8000,0x000000077b700000)
  to   space 61952K, 0% used [0x0000000773e00000,0x0000000773e00000,0x0000000777a80000)
 ParOldGen       total 1525760K, used 1454702K [0x00000006a0000000, 0x00000006fd200000, 0x0000000760000000)
  object space 1525760K, 95% used [0x00000006a0000000,0x00000006f8c9ba40,0x00000006fd200000)
 Metaspace       used 75521K, capacity 78626K, committed 79616K, reserved 1120256K
  class space    used 10359K, capacity 10989K, committed 11264K, reserved 1048576K
GC Heap History (10 events):
Event: 33.694 GC heap before
{Heap before GC invocations=65 (full 27):
 PSYoungGen      total 372224K, used 301696K [0x0000000760000000, 0x000000077bf80000, 0x00000007c0000000)
  eden space 301568K, 100% used [0x0000000760000000,0x0000000772680000,0x0000000772680000)
  from space 70656K, 0% used [0x0000000772680000,0x00000007726a0000,0x0000000776b80000)
  to   space 70656K, 0% used [0x0000000777a80000,0x0000000777a80000,0x000000077bf80000)
 ParOldGen       total 1525760K, used 1453483K [0x00000006a0000000, 0x00000006fd200000, 0x0000000760000000)
  object space 1525760K, 95% used [0x00000006a0000000,0x00000006f8b6ae10,0x00000006fd200000)
 Metaspace       used 72763K, capacity 75840K, committed 76928K, reserved 1116160K
  class space    used 9994K, capacity 10638K, committed 10880K, reserved 1048576K
Event: 33.700 GC heap after
Heap after GC invocations=65 (full 27):
 PSYoungGen      total 379392K, used 128K [0x0000000760000000, 0x000000077ba80000, 0x00000007c0000000)
  eden space 313856K, 0% used [0x0000000760000000,0x0000000760000000,0x0000000773280000)
  from space 65536K, 0% used [0x0000000777a80000,0x0000000777aa0000,0x000000077ba80000)
  to   space 69632K, 0% used [0x0000000773280000,0x0000000773280000,0x0000000777680000)
 ParOldGen       total 1525760K, used 1453483K [0x00000006a0000000, 0x00000006fd200000, 0x0000000760000000)
  object space 1525760K, 95% used [0x00000006a0000000,0x00000006f8b6ae10,0x00000006fd200000)
 Metaspace       used 72763K, capacity 75840K, committed 76928K, reserved 1116160K
  class space    used 9994K, capacity 10638K, committed 10880K, reserved 1048576K
}
Event: 34.772 GC heap before
{Heap before GC invocations=66 (full 27):
 PSYoungGen      total 379392K, used 313984K [0x0000000760000000, 0x000000077ba80000, 0x00000007c0000000)
  eden space 313856K, 100% used [0x0000000760000000,0x0000000773280000,0x0000000773280000)
  from space 65536K, 0% used [0x0000000777a80000,0x0000000777aa0000,0x000000077ba80000)
  to   space 69632K, 0% used [0x0000000773280000,0x0000000773280000,0x0000000777680000)
 ParOldGen       total 1525760K, used 1453935K [0x00000006a0000000, 0x00000006fd200000, 0x0000000760000000)
  object space 1525760K, 95% used [0x00000006a0000000,0x00000006f8bdbf10,0x00000006fd200000)
 Metaspace       used 72763K, capacity 75840K, committed 76928K, reserved 1116160K
  class space    used 9994K, capacity 10638K, committed 10880K, reserved 1048576K
Event: 34.777 GC heap after
Heap after GC invocations=66 (full 27):
 PSYoungGen      total 383488K, used 128K [0x0000000760000000, 0x000000077c180000, 0x00000007c0000000)
  eden space 313856K, 0% used [0x0000000760000000,0x0000000760000000,0x0000000773280000)
  from space 69632K, 0% used [0x0000000773280000,0x00000007732a0000,0x0000000777680000)
  to   space 68096K, 0% used [0x0000000777f00000,0x0000000777f00000,0x000000077c180000)
 ParOldGen       total 1525760K, used 1453935K [0x00000006a0000000, 0x00000006fd200000, 0x0000000760000000)
  object space 1525760K, 95% used [0x00000006a0000000,0x00000006f8bdbf10,0x00000006fd200000)
 Metaspace       used 72763K, capacity 75840K, committed 76928K, reserved 1116160K
  class space    used 9994K, capacity 10638K, committed 10880K, reserved 1048576K
}
Event: 36.006 GC heap before
{Heap before GC invocations=67 (full 27):
 PSYoungGen      total 383488K, used 313984K [0x0000000760000000, 0x000000077c180000, 0x00000007c0000000)
  eden space 313856K, 100% used [0x0000000760000000,0x0000000773280000,0x0000000773280000)
  from space 69632K, 0% used [0x0000000773280000,0x00000007732a0000,0x0000000777680000)
  to   space 68096K, 0% used [0x0000000777f00000,0x0000000777f00000,0x000000077c180000)
 ParOldGen       total 1525760K, used 1454460K [0x00000006a0000000, 0x00000006fd200000, 0x0000000760000000)
  object space 1525760K, 95% used [0x00000006a0000000,0x00000006f8c5f250,0x00000006fd200000)
 Metaspace       used 72764K, capacity 75840K, committed 76928K, reserved 1116160K
  class space    used 9994K, capacity 10638K, committed 10880K, reserved 1048576K
Event: 36.011 GC heap after
Heap after GC invocations=67 (full 27):
 PSYoungGen      total 384000K, used 192K [0x0000000760000000, 0x000000077bb80000, 0x00000007c0000000)
  eden space 322048K, 0% used [0x0000000760000000,0x0000000760000000,0x0000000773a80000)
  from space 61952K, 0% used [0x0000000777f00000,0x0000000777f30000,0x000000077bb80000)
  to   space 66048K, 0% used [0x0000000773a80000,0x0000000773a80000,0x0000000777b00000)
 ParOldGen       total 1525760K, used 1454460K [0x00000006a0000000, 0x00000006fd200000, 0x0000000760000000)
  object space 1525760K, 95% used [0x00000006a0000000,0x00000006f8c5f250,0x00000006fd200000)
 Metaspace       used 72764K, capacity 75840K, committed 76928K, reserved 1116160K
  class space    used 9994K, capacity 10638K, committed 10880K, reserved 1048576K
}
Event: 37.520 GC heap before
{Heap before GC invocations=68 (full 27):
 PSYoungGen      total 384000K, used 322240K [0x0000000760000000, 0x000000077bb80000, 0x00000007c0000000)
  eden space 322048K, 100% used [0x0000000760000000,0x0000000773a80000,0x0000000773a80000)
  from space 61952K, 0% used [0x0000000777f00000,0x0000000777f30000,0x000000077bb80000)
  to   space 66048K, 0% used [0x0000000773a80000,0x0000000773a80000,0x0000000777b00000)
 ParOldGen       total 1525760K, used 1454702K [0x00000006a0000000, 0x00000006fd200000, 0x0000000760000000)
  object space 1525760K, 95% used [0x00000006a0000000,0x00000006f8c9ba40,0x00000006fd200000)
 Metaspace       used 72764K, capacity 75840K, committed 76928K, reserved 1116160K
  class space    used 9994K, capacity 10638K, committed 10880K, reserved 1048576K
Event: 37.525 GC heap after
Heap after GC invocations=68 (full 27):
 PSYoungGen      total 388096K, used 128K [0x0000000760000000, 0x000000077bc00000, 0x00000007c0000000)
  eden space 322048K, 0% used [0x0000000760000000,0x0000000760000000,0x0000000773a80000)
  from space 66048K, 0% used [0x0000000773a80000,0x0000000773aa0000,0x0000000777b00000)
  to   space 64000K, 0% used [0x0000000777d80000,0x0000000777d80000,0x000000077bc00000)
 ParOldGen       total 1525760K, used 1454702K [0x00000006a0000000, 0x00000006fd200000, 0x0000000760000000)
  object space 1525760K, 95% used [0x00000006a0000000,0x00000006f8c9ba40,0x00000006fd200000)
 Metaspace       used 72764K, capacity 75840K, committed 76928K, reserved 1116160K
  class space    used 9994K, capacity 10638K, committed 10880K, reserved 1048576K
}
Event: 39.814 GC heap before
{Heap before GC invocations=69 (full 27):
 PSYoungGen      total 388096K, used 322176K [0x0000000760000000, 0x000000077bc00000, 0x00000007c0000000)
  eden space 322048K, 100% used [0x0000000760000000,0x0000000773a80000,0x0000000773a80000)
  from space 66048K, 0% used [0x0000000773a80000,0x0000000773aa0000,0x0000000777b00000)
  to   space 64000K, 0% used [0x0000000777d80000,0x0000000777d80000,0x000000077bc00000)
 ParOldGen       total 1525760K, used 1454702K [0x00000006a0000000, 0x00000006fd200000, 0x0000000760000000)
  object space 1525760K, 95% used [0x00000006a0000000,0x00000006f8c9ba40,0x00000006fd200000)
 Metaspace       used 72765K, capacity 75840K, committed 76928K, reserved 1116160K
  class space    used 9994K, capacity 10638K, committed 10880K, reserved 1048576K
Event: 39.821 GC heap after
Heap after GC invocations=69 (full 27):
 PSYoungGen      total 384512K, used 160K [0x0000000760000000, 0x000000077b700000, 0x00000007c0000000)
  eden space 325632K, 0% used [0x0000000760000000,0x0000000760000000,0x0000000773e00000)
  from space 58880K, 0% used [0x0000000777d80000,0x0000000777da8000,0x000000077b700000)
  to   space 61952K, 0% used [0x0000000773e00000,0x0000000773e00000,0x0000000777a80000)
 ParOldGen       total 1525760K, used 1454702K [0x00000006a0000000, 0x00000006fd200000, 0x0000000760000000)
  object space 1525760K, 95% used [0x00000006a0000000,0x00000006f8c9ba40,0x00000006fd200000)
 Metaspace       used 72765K, capacity 75840K, committed 76928K, reserved 1116160K
  class space    used 9994K, capacity 10638K, committed 10880K, reserved 1048576K
}

